Using pre-set license
Built from '2020.3/release' branch; Version is '2020.3.27f1 (e759542391ea) revision 15161684'; Using compiler version '192528614'; Build Type 'Release'
OS: 'Windows 10  (10.0.19043) 64bit Professional' Language: 'en' Physical Memory: 16309 MB
BatchMode: 1, IsHumanControllingUs: 0, StartBugReporterOnCrash: 0, Is64bit: 1, IsPro: 0

COMMAND LINE ARGUMENTS:
C:\Program Files\Unity\Hub\Editor\2020.3.27f1\Editor\Unity.exe
-adb2
-batchMode
-noUpm
-name
AssetImportWorker0
-projectPath
C:/Users/cengDept/Desktop/UnityProjects/BakteriMikropVirusOrhun/bakteriMikrop
-logFile
Logs/AssetImportWorker0.log
-srvPort
52027
Successfully changed project path to: C:/Users/cengDept/Desktop/UnityProjects/BakteriMikropVirusOrhun/bakteriMikrop
C:/Users/cengDept/Desktop/UnityProjects/BakteriMikropVirusOrhun/bakteriMikrop
Using Asset Import Pipeline V2.
Refreshing native plugins compatible for Editor in 105.31 ms, found 3 plugins.
Preloading 0 native plugins for Editor in 0.00 ms.
Initialize engine version: 2020.3.27f1 (e759542391ea)
[Subsystems] Discovering subsystems at path C:/Program Files/Unity/Hub/Editor/2020.3.27f1/Editor/Data/Resources/UnitySubsystems
[Subsystems] Discovering subsystems at path C:/Users/cengDept/Desktop/UnityProjects/BakteriMikropVirusOrhun/bakteriMikrop/Assets
GfxDevice: creating device client; threaded=0
Direct3D:
    Version:  Direct3D 11.0 [level 11.1]
    Renderer: AMD Radeon RX 5700 XT (ID=0x731f)
    Vendor:   
    VRAM:     8151 MB
    Driver:   30.0.13023.4001
Initialize mono
Mono path[0] = 'C:/Program Files/Unity/Hub/Editor/2020.3.27f1/Editor/Data/Managed'
Mono path[1] = 'C:/Program Files/Unity/Hub/Editor/2020.3.27f1/Editor/Data/MonoBleedingEdge/lib/mono/unityjit'
Mono config path = 'C:/Program Files/Unity/Hub/Editor/2020.3.27f1/Editor/Data/MonoBleedingEdge/etc'
Using monoOptions --debugger-agent=transport=dt_socket,embedding=1,server=y,suspend=n,address=127.0.0.1:56976
Begin MonoManager ReloadAssembly
Registering precompiled unity dll's ...
Register platform support module: C:/Program Files/Unity/Hub/Editor/2020.3.27f1/Editor/Data/PlaybackEngines/WebGLSupport/UnityEditor.WebGL.Extensions.dll
Register platform support module: C:/Program Files/Unity/Hub/Editor/2020.3.27f1/Editor/Data/PlaybackEngines/WindowsStandaloneSupport/UnityEditor.WindowsStandalone.Extensions.dll
Registered in 0.002854 seconds.
Native extension for WindowsStandalone target not found
Native extension for WebGL target not found
Refreshing native plugins compatible for Editor in 127.64 ms, found 3 plugins.
Preloading 0 native plugins for Editor in 0.00 ms.
Mono: successfully reloaded assembly
- Completed reload, in  0.800 seconds
Domain Reload Profiling:
	ReloadAssembly (800ms)
		BeginReloadAssembly (71ms)
			ExecutionOrderSort (0ms)
			DisableScriptedObjects (0ms)
			BackupInstance (0ms)
			ReleaseScriptingObjects (0ms)
			CreateAndSetChildDomain (1ms)
		EndReloadAssembly (646ms)
			LoadAssemblies (69ms)
			RebuildTransferFunctionScriptingTraits (0ms)
			SetupTypeCache (163ms)
			ReleaseScriptCaches (0ms)
			RebuildScriptCaches (68ms)
			SetupLoadedEditorAssemblies (303ms)
				LogAssemblyErrors (0ms)
				InitializePlatformSupportModulesInManaged (11ms)
				SetLoadedEditorAssemblies (0ms)
				RefreshPlugins (128ms)
				BeforeProcessingInitializeOnLoad (19ms)
				ProcessInitializeOnLoadAttributes (116ms)
				ProcessInitializeOnLoadMethodAttributes (30ms)
				AfterProcessingInitializeOnLoad (0ms)
				EditorAssembliesLoaded (0ms)
			ExecutionOrderSort2 (0ms)
			AwakeInstancesAfterBackupRestoration (0ms)
Platform modules already initialized, skipping
Registering precompiled user dll's ...
Registered in 0.007632 seconds.
Begin MonoManager ReloadAssembly
Native extension for WindowsStandalone target not found
Native extension for WebGL target not found
Refreshing native plugins compatible for Editor in 103.27 ms, found 3 plugins.
Preloading 0 native plugins for Editor in 0.00 ms.
Mono: successfully reloaded assembly
- Completed reload, in  2.262 seconds
Domain Reload Profiling:
	ReloadAssembly (2263ms)
		BeginReloadAssembly (170ms)
			ExecutionOrderSort (0ms)
			DisableScriptedObjects (5ms)
			BackupInstance (0ms)
			ReleaseScriptingObjects (0ms)
			CreateAndSetChildDomain (20ms)
		EndReloadAssembly (2018ms)
			LoadAssemblies (116ms)
			RebuildTransferFunctionScriptingTraits (0ms)
			SetupTypeCache (400ms)
			ReleaseScriptCaches (1ms)
			RebuildScriptCaches (72ms)
			SetupLoadedEditorAssemblies (1302ms)
				LogAssemblyErrors (0ms)
				InitializePlatformSupportModulesInManaged (5ms)
				SetLoadedEditorAssemblies (0ms)
				RefreshPlugins (103ms)
				BeforeProcessingInitializeOnLoad (134ms)
				ProcessInitializeOnLoadAttributes (1036ms)
				ProcessInitializeOnLoadMethodAttributes (17ms)
				AfterProcessingInitializeOnLoad (7ms)
				EditorAssembliesLoaded (0ms)
			ExecutionOrderSort2 (0ms)
			AwakeInstancesAfterBackupRestoration (7ms)
Platform modules already initialized, skipping
========================================================================
Worker process is ready to serve import requests
Launched and connected shader compiler UnityShaderCompiler.exe after 0.05 seconds
Refreshing native plugins compatible for Editor in 0.96 ms, found 3 plugins.
Preloading 0 native plugins for Editor in 0.00 ms.
Unloading 3843 Unused Serialized files (Serialized files now loaded: 0)
System memory in use before: 174.3 MB.
System memory in use after: 174.4 MB.

Unloading 38 unused Assets to reduce memory usage. Loaded Objects now: 4282.
Total: 4.593700 ms (FindLiveObjects: 0.325800 ms CreateObjectMapping: 0.130800 ms MarkObjects: 3.999200 ms  DeleteObjects: 0.136900 ms)

AssetImportParameters requested are different than current active one (requested -> active):
  custom:framework-win-MediaFoundation: 216162199b28c13a410421893ffa2e32 -> 
  custom:video-decoder-ogg-theora: a1e56fd34408186e4bbccfd4996cb3dc -> 
  custom:container-muxer-webm: aa71ff27fc2769a1b78a27578f13a17b -> 
  custom:container-demuxer-webm: 4f35f7cbe854078d1ac9338744f61a02 -> 
  custom:container-demuxer-ogg: 62fdf1f143b41e24485cea50d1cbac27 -> 
  custom:video-encoder-webm-vp8: eb34c28f22e8b96e1ab97ce403110664 -> 
  custom:video-decoder-webm-vp8: 9c59270c3fd7afecdb556c50c9e8de78 -> 
  custom:audio-decoder-ogg-vorbis: bf7c407c2cedff20999df2af8eb42d56 -> 
  custom:audio-encoder-webm-vorbis: bf7c407c2cedff20999df2af8eb42d56 -> 
========================================================================
Received Import Request.
  path: Assets/2DWater.mat
  artifactKey: Guid(9da067c62d142994eab76ca5940dce90) Importer(815301076,1909f56bfc062723c751e8b465ee728b)
Start importing Assets/2DWater.mat using Guid(9da067c62d142994eab76ca5940dce90) Importer(815301076,1909f56bfc062723c751e8b465ee728b)  -> (artifact id: '66a1c3284eb334ab40e00fa41db0460c') in 0.251666 seconds 
  Import took 0.258026 seconds .

========================================================================
Received Import Request.
  Time since last request: 0.000210 seconds.
  path: Assets/Scenes/SampleScene.unity
  artifactKey: Guid(2cda990e2423bbf4892e6590ba056729) Importer(815301076,1909f56bfc062723c751e8b465ee728b)
Start importing Assets/Scenes/SampleScene.unity using Guid(2cda990e2423bbf4892e6590ba056729) Importer(815301076,1909f56bfc062723c751e8b465ee728b)  -> (artifact id: '1f601ecce630f17b0aa88a703a6c93c8') in 0.010742 seconds 
  Import took 0.017691 seconds .

========================================================================
Received Import Request.
  Time since last request: 20.171665 seconds.
  path: Assets/Scripts/Scriptable/Toplanabilir.cs
  artifactKey: Guid(1877fdf46ab8a9c418bf0fdb589b482a) Importer(815301076,1909f56bfc062723c751e8b465ee728b)
Start importing Assets/Scripts/Scriptable/Toplanabilir.cs using Guid(1877fdf46ab8a9c418bf0fdb589b482a) Importer(815301076,1909f56bfc062723c751e8b465ee728b)  -> (artifact id: 'fc90d5ec26eb7d35b576f4722bc571f5') in 0.011912 seconds 
  Import took 0.018288 seconds .

========================================================================
Received Import Request.
  Time since last request: 16.517186 seconds.
  path: Assets/Scripts/Scriptable/Toplanabilir.cs
  artifactKey: Guid(1877fdf46ab8a9c418bf0fdb589b482a) Importer(815301076,1909f56bfc062723c751e8b465ee728b)
Start importing Assets/Scripts/Scriptable/Toplanabilir.cs using Guid(1877fdf46ab8a9c418bf0fdb589b482a) Importer(815301076,1909f56bfc062723c751e8b465ee728b)  -> (artifact id: '81022eee0ab82721b77ee0ea59f8f8e7') in 0.003220 seconds 
  Import took 0.010878 seconds .

========================================================================
Received Prepare
Registering precompiled user dll's ...
Registered in 0.009355 seconds.
Begin MonoManager ReloadAssembly
Native extension for WindowsStandalone target not found
Native extension for WebGL target not found
Refreshing native plugins compatible for Editor in 0.96 ms, found 3 plugins.
Preloading 0 native plugins for Editor in 0.00 ms.
Mono: successfully reloaded assembly
- Completed reload, in  1.609 seconds
Domain Reload Profiling:
	ReloadAssembly (1610ms)
		BeginReloadAssembly (162ms)
			ExecutionOrderSort (0ms)
			DisableScriptedObjects (9ms)
			BackupInstance (0ms)
			ReleaseScriptingObjects (0ms)
			CreateAndSetChildDomain (50ms)
		EndReloadAssembly (1375ms)
			LoadAssemblies (127ms)
			RebuildTransferFunctionScriptingTraits (0ms)
			SetupTypeCache (448ms)
			ReleaseScriptCaches (2ms)
			RebuildScriptCaches (64ms)
			SetupLoadedEditorAssemblies (576ms)
				LogAssemblyErrors (0ms)
				InitializePlatformSupportModulesInManaged (5ms)
				SetLoadedEditorAssemblies (1ms)
				RefreshPlugins (1ms)
				BeforeProcessingInitializeOnLoad (129ms)
				ProcessInitializeOnLoadAttributes (422ms)
				ProcessInitializeOnLoadMethodAttributes (11ms)
				AfterProcessingInitializeOnLoad (7ms)
				EditorAssembliesLoaded (0ms)
			ExecutionOrderSort2 (0ms)
			AwakeInstancesAfterBackupRestoration (21ms)
Platform modules already initialized, skipping
Refreshing native plugins compatible for Editor in 1.60 ms, found 3 plugins.
Preloading 0 native plugins for Editor in 0.00 ms.
Unloading 3683 Unused Serialized files (Serialized files now loaded: 0)
System memory in use before: 167.6 MB.
System memory in use after: 167.7 MB.

Unloading 27 unused Assets to reduce memory usage. Loaded Objects now: 4362.
Total: 4.755900 ms (FindLiveObjects: 0.381000 ms CreateObjectMapping: 0.118100 ms MarkObjects: 4.136800 ms  DeleteObjects: 0.118600 ms)

AssetImportParameters requested are different than current active one (requested -> active):
  custom:framework-win-MediaFoundation: 216162199b28c13a410421893ffa2e32 -> 
  custom:video-decoder-ogg-theora: a1e56fd34408186e4bbccfd4996cb3dc -> 
  custom:container-muxer-webm: aa71ff27fc2769a1b78a27578f13a17b -> 
  custom:container-demuxer-webm: 4f35f7cbe854078d1ac9338744f61a02 -> 
  custom:container-demuxer-ogg: 62fdf1f143b41e24485cea50d1cbac27 -> 
  custom:video-encoder-webm-vp8: eb34c28f22e8b96e1ab97ce403110664 -> 
  custom:video-decoder-webm-vp8: 9c59270c3fd7afecdb556c50c9e8de78 -> 
  custom:audio-decoder-ogg-vorbis: bf7c407c2cedff20999df2af8eb42d56 -> 
  custom:audio-encoder-webm-vorbis: bf7c407c2cedff20999df2af8eb42d56 -> 
========================================================================
Received Import Request.
  Time since last request: 20.108025 seconds.
  path: Assets/Ultimate SFX Bundle - HD Remaster/Ui & Item Sounds - HD Remake/Coins 6.wav
  artifactKey: Guid(0f4e06753b88b2f4aadb59918185eb4e) Importer(815301076,1909f56bfc062723c751e8b465ee728b)
Start importing Assets/Ultimate SFX Bundle - HD Remaster/Ui & Item Sounds - HD Remake/Coins 6.wav using Guid(0f4e06753b88b2f4aadb59918185eb4e) Importer(815301076,1909f56bfc062723c751e8b465ee728b)  -> (artifact id: '98f1346ba37bb17572cea07eda079b70') in 0.099250 seconds 
  Import took 0.107109 seconds .

========================================================================
Received Import Request.
  Time since last request: 0.000246 seconds.
  path: Assets/Ultimate SFX Bundle - HD Remaster/Ui & Item Sounds - HD Remake/Coins 23.wav
  artifactKey: Guid(325355215a714ac4186cf144b48248aa) Importer(815301076,1909f56bfc062723c751e8b465ee728b)
Start importing Assets/Ultimate SFX Bundle - HD Remaster/Ui & Item Sounds - HD Remake/Coins 23.wav using Guid(325355215a714ac4186cf144b48248aa) Importer(815301076,1909f56bfc062723c751e8b465ee728b)  -> (artifact id: '978ea371958f6b50b67a0e14e8a9030e') in 0.019744 seconds 
  Import took 0.026617 seconds .

========================================================================
Received Import Request.
  Time since last request: 0.000238 seconds.
  path: Assets/Ultimate SFX Bundle - HD Remaster/Ui & Item Sounds - HD Remake/Coins 16.wav
  artifactKey: Guid(8cb419d1d56706e4898ea5a282b79c8c) Importer(815301076,1909f56bfc062723c751e8b465ee728b)
Start importing Assets/Ultimate SFX Bundle - HD Remaster/Ui & Item Sounds - HD Remake/Coins 16.wav using Guid(8cb419d1d56706e4898ea5a282b79c8c) Importer(815301076,1909f56bfc062723c751e8b465ee728b)  -> (artifact id: '3fbe4335676ccf627e1acd27257eeb67') in 0.022898 seconds 
  Import took 0.030344 seconds .

========================================================================
Received Import Request.
  Time since last request: 0.000188 seconds.
  path: Assets/Ultimate SFX Bundle - HD Remaster/Ui & Item Sounds - HD Remake/Debuff Downgrade 17.wav
  artifactKey: Guid(3b119f9c14155204ba5692c3b6a18107) Importer(815301076,1909f56bfc062723c751e8b465ee728b)
Start importing Assets/Ultimate SFX Bundle - HD Remaster/Ui & Item Sounds - HD Remake/Debuff Downgrade 17.wav using Guid(3b119f9c14155204ba5692c3b6a18107) Importer(815301076,1909f56bfc062723c751e8b465ee728b)  -> (artifact id: '0eed983a38da7926ffa0c51061548994') in 0.023341 seconds 
  Import took 0.030953 seconds .

========================================================================
Received Import Request.
  Time since last request: 0.000205 seconds.
  path: Assets/Ultimate SFX Bundle - HD Remaster/Ui & Item Sounds - HD Remake/Debuff Downgrade 27.wav
  artifactKey: Guid(84937e79b7ebc204ca3b903fac249d3b) Importer(815301076,1909f56bfc062723c751e8b465ee728b)
Start importing Assets/Ultimate SFX Bundle - HD Remaster/Ui & Item Sounds - HD Remake/Debuff Downgrade 27.wav using Guid(84937e79b7ebc204ca3b903fac249d3b) Importer(815301076,1909f56bfc062723c751e8b465ee728b)  -> (artifact id: '7eed4efc678458cbd8f8434f81a246e4') in 0.022839 seconds 
  Import took 0.029079 seconds .

========================================================================
Received Import Request.
  Time since last request: 0.000249 seconds.
  path: Assets/Ultimate SFX Bundle - HD Remaster/Ui & Item Sounds - HD Remake/Debuff Downgrade 10.wav
  artifactKey: Guid(c190db9b2886ab149afbac1f666dd1bb) Importer(815301076,1909f56bfc062723c751e8b465ee728b)
Start importing Assets/Ultimate SFX Bundle - HD Remaster/Ui & Item Sounds - HD Remake/Debuff Downgrade 10.wav using Guid(c190db9b2886ab149afbac1f666dd1bb) Importer(815301076,1909f56bfc062723c751e8b465ee728b)  -> (artifact id: 'ffa620f57bdcdad868af4c870bfb742f') in 0.020397 seconds 
  Import took 0.027625 seconds .

========================================================================
Received Import Request.
  Time since last request: 0.000197 seconds.
  path: Assets/Ultimate SFX Bundle - HD Remaster/Ui & Item Sounds - HD Remake/Collect star 4.wav
  artifactKey: Guid(16404d22cd94f6d4a95777bb43a18ce4) Importer(815301076,1909f56bfc062723c751e8b465ee728b)
Start importing Assets/Ultimate SFX Bundle - HD Remaster/Ui & Item Sounds - HD Remake/Collect star 4.wav using Guid(16404d22cd94f6d4a95777bb43a18ce4) Importer(815301076,1909f56bfc062723c751e8b465ee728b)  -> (artifact id: '38ae384535030a83a5ac3a5450bcc2a1') in 0.015994 seconds 
  Import took 0.022330 seconds .

========================================================================
Received Import Request.
  Time since last request: 0.000247 seconds.
  path: Assets/Ultimate SFX Bundle - HD Remaster/Ui & Item Sounds - HD Remake/Coins 24.wav
  artifactKey: Guid(55a30722f3af89e49a6032d14d437550) Importer(815301076,1909f56bfc062723c751e8b465ee728b)
Start importing Assets/Ultimate SFX Bundle - HD Remaster/Ui & Item Sounds - HD Remake/Coins 24.wav using Guid(55a30722f3af89e49a6032d14d437550) Importer(815301076,1909f56bfc062723c751e8b465ee728b)  -> (artifact id: '85bc79f6cbf4cac25ea124d843a0e333') in 0.021571 seconds 
  Import took 0.028585 seconds .

========================================================================
Received Import Request.
  Time since last request: 0.000202 seconds.
  path: Assets/Ultimate SFX Bundle - HD Remaster/Ui & Item Sounds - HD Remake/Debuff Downgrade 12.wav
  artifactKey: Guid(d519e86a082ef5947ba5bbfd9ba7c3df) Importer(815301076,1909f56bfc062723c751e8b465ee728b)
Start importing Assets/Ultimate SFX Bundle - HD Remaster/Ui & Item Sounds - HD Remake/Debuff Downgrade 12.wav using Guid(d519e86a082ef5947ba5bbfd9ba7c3df) Importer(815301076,1909f56bfc062723c751e8b465ee728b)  -> (artifact id: '9b2cd3841b38d2b22101dce4e76887e4') in 0.028265 seconds 
  Import took 0.034840 seconds .

========================================================================
Received Import Request.
  Time since last request: 0.000221 seconds.
  path: Assets/Ultimate SFX Bundle - HD Remaster/Ui & Item Sounds - HD Remake/Debuff Downgrade 26.wav
  artifactKey: Guid(3dfe3ab156e68bd4aa5d3e7d1d41d556) Importer(815301076,1909f56bfc062723c751e8b465ee728b)
Start importing Assets/Ultimate SFX Bundle - HD Remaster/Ui & Item Sounds - HD Remake/Debuff Downgrade 26.wav using Guid(3dfe3ab156e68bd4aa5d3e7d1d41d556) Importer(815301076,1909f56bfc062723c751e8b465ee728b)  -> (artifact id: 'b62b157aa52c5917746f06d15a1e51c4') in 0.019362 seconds 
  Import took 0.026138 seconds .

========================================================================
Received Import Request.
  Time since last request: 0.000255 seconds.
  path: Assets/Ultimate SFX Bundle - HD Remaster/Ui & Item Sounds - HD Remake/Coins 7.wav
  artifactKey: Guid(e7ceabcd93ff69d49b4510fe79dd6014) Importer(815301076,1909f56bfc062723c751e8b465ee728b)
Start importing Assets/Ultimate SFX Bundle - HD Remaster/Ui & Item Sounds - HD Remake/Coins 7.wav using Guid(e7ceabcd93ff69d49b4510fe79dd6014) Importer(815301076,1909f56bfc062723c751e8b465ee728b)  -> (artifact id: '41cf5e182f33ff03420f376661e94f29') in 0.022930 seconds 
  Import took 0.030059 seconds .

========================================================================
Received Import Request.
  Time since last request: 0.000247 seconds.
  path: Assets/Ultimate SFX Bundle - HD Remaster/Ui & Item Sounds - HD Remake/Debuff Downgrade 23.wav
  artifactKey: Guid(3bc63a74e8ca5974faae9ab0228eaf1d) Importer(815301076,1909f56bfc062723c751e8b465ee728b)
Start importing Assets/Ultimate SFX Bundle - HD Remaster/Ui & Item Sounds - HD Remake/Debuff Downgrade 23.wav using Guid(3bc63a74e8ca5974faae9ab0228eaf1d) Importer(815301076,1909f56bfc062723c751e8b465ee728b)  -> (artifact id: '7fbdffbbb62d3962cea290c4c020dc97') in 0.014481 seconds 
  Import took 0.023193 seconds .

========================================================================
Received Import Request.
  Time since last request: 0.000247 seconds.
  path: Assets/Ultimate SFX Bundle - HD Remaster/Ui & Item Sounds - HD Remake/Collect star 3.wav
  artifactKey: Guid(243d357b0e48d3d4cad37ad611a3eac2) Importer(815301076,1909f56bfc062723c751e8b465ee728b)
Start importing Assets/Ultimate SFX Bundle - HD Remaster/Ui & Item Sounds - HD Remake/Collect star 3.wav using Guid(243d357b0e48d3d4cad37ad611a3eac2) Importer(815301076,1909f56bfc062723c751e8b465ee728b)  -> (artifact id: 'd64b8f9b56885eaae148982e01af01c0') in 0.013955 seconds 
  Import took 0.020893 seconds .

========================================================================
Received Import Request.
  Time since last request: 0.000216 seconds.
  path: Assets/Ultimate SFX Bundle - HD Remaster/Ui & Item Sounds - HD Remake/Debuff Downgrade 21.wav
  artifactKey: Guid(f2fd34a1b435b5e4cb378b43c5f75b01) Importer(815301076,1909f56bfc062723c751e8b465ee728b)
Start importing Assets/Ultimate SFX Bundle - HD Remaster/Ui & Item Sounds - HD Remake/Debuff Downgrade 21.wav using Guid(f2fd34a1b435b5e4cb378b43c5f75b01) Importer(815301076,1909f56bfc062723c751e8b465ee728b)  -> (artifact id: 'c86b655cd1db77579c63f9546a7d4c27') in 0.021315 seconds 
  Import took 0.028274 seconds .

========================================================================
Received Import Request.
  Time since last request: 0.000252 seconds.
  path: Assets/Ultimate SFX Bundle - HD Remaster/Ui & Item Sounds - HD Remake/Coins 18.wav
  artifactKey: Guid(c62d1d8788afdbb4cb4b98b324293f5b) Importer(815301076,1909f56bfc062723c751e8b465ee728b)
Start importing Assets/Ultimate SFX Bundle - HD Remaster/Ui & Item Sounds - HD Remake/Coins 18.wav using Guid(c62d1d8788afdbb4cb4b98b324293f5b) Importer(815301076,1909f56bfc062723c751e8b465ee728b)  -> (artifact id: '45210f5407431e0c9102c9a71a4456ed') in 0.021212 seconds 
  Import took 0.027711 seconds .

========================================================================
Received Import Request.
  Time since last request: 0.000276 seconds.
  path: Assets/Ultimate SFX Bundle - HD Remaster/Ui & Item Sounds - HD Remake/Coins 13.wav
  artifactKey: Guid(07384adc12f58c94082cc716bd454df7) Importer(815301076,1909f56bfc062723c751e8b465ee728b)
Start importing Assets/Ultimate SFX Bundle - HD Remaster/Ui & Item Sounds - HD Remake/Coins 13.wav using Guid(07384adc12f58c94082cc716bd454df7) Importer(815301076,1909f56bfc062723c751e8b465ee728b)  -> (artifact id: '5d59fd6a85656568483c8d139e2455e6') in 0.021413 seconds 
  Import took 0.028521 seconds .

========================================================================
Received Import Request.
  Time since last request: 0.000228 seconds.
  path: Assets/Ultimate SFX Bundle - HD Remaster/Ui & Item Sounds - HD Remake/Collect star 1.wav
  artifactKey: Guid(7c182946528a08745a6fce149fe4c628) Importer(815301076,1909f56bfc062723c751e8b465ee728b)
Start importing Assets/Ultimate SFX Bundle - HD Remaster/Ui & Item Sounds - HD Remake/Collect star 1.wav using Guid(7c182946528a08745a6fce149fe4c628) Importer(815301076,1909f56bfc062723c751e8b465ee728b)  -> (artifact id: '21eb1f900db94d1de69fed57d991459b') in 0.019502 seconds 
  Import took 0.025995 seconds .

========================================================================
Received Import Request.
  Time since last request: 0.000237 seconds.
  path: Assets/Ultimate SFX Bundle - HD Remaster/Ui & Item Sounds - HD Remake/Debuff Downgrade 5.wav
  artifactKey: Guid(6e511c8453bc151459b82014d84c85e1) Importer(815301076,1909f56bfc062723c751e8b465ee728b)
Start importing Assets/Ultimate SFX Bundle - HD Remaster/Ui & Item Sounds - HD Remake/Debuff Downgrade 5.wav using Guid(6e511c8453bc151459b82014d84c85e1) Importer(815301076,1909f56bfc062723c751e8b465ee728b)  -> (artifact id: '54509b39b18f1bfcafd33b07ca1f7344') in 0.020861 seconds 
  Import took 0.028112 seconds .

========================================================================
Received Import Request.
  Time since last request: 0.000260 seconds.
  path: Assets/Ultimate SFX Bundle - HD Remaster/Ui & Item Sounds - HD Remake/Debuff Downgrade 9.wav
  artifactKey: Guid(353bc11b58040b24a81b0ac091314f86) Importer(815301076,1909f56bfc062723c751e8b465ee728b)
Start importing Assets/Ultimate SFX Bundle - HD Remaster/Ui & Item Sounds - HD Remake/Debuff Downgrade 9.wav using Guid(353bc11b58040b24a81b0ac091314f86) Importer(815301076,1909f56bfc062723c751e8b465ee728b)  -> (artifact id: '79d629c5618773a165648b5f85e640bc') in 0.023977 seconds 
  Import took 0.032071 seconds .

========================================================================
Received Import Request.
  Time since last request: 0.000241 seconds.
  path: Assets/Ultimate SFX Bundle - HD Remaster/Ui & Item Sounds - HD Remake/Debuff Downgrade 15.wav
  artifactKey: Guid(e2d0bd1f055548348bf0729504bf4015) Importer(815301076,1909f56bfc062723c751e8b465ee728b)
Start importing Assets/Ultimate SFX Bundle - HD Remaster/Ui & Item Sounds - HD Remake/Debuff Downgrade 15.wav using Guid(e2d0bd1f055548348bf0729504bf4015) Importer(815301076,1909f56bfc062723c751e8b465ee728b)  -> (artifact id: 'a1ffcfaf58c084ee3ebce34c5e42cd92') in 0.020887 seconds 
  Import took 0.028779 seconds .

========================================================================
Received Import Request.
  Time since last request: 0.000244 seconds.
  path: Assets/Ultimate SFX Bundle - HD Remaster/Ui & Item Sounds - HD Remake/Debuff Downgrade 32.wav
  artifactKey: Guid(d31c9ee61127e2b4cb017edee151ea90) Importer(815301076,1909f56bfc062723c751e8b465ee728b)
Start importing Assets/Ultimate SFX Bundle - HD Remaster/Ui & Item Sounds - HD Remake/Debuff Downgrade 32.wav using Guid(d31c9ee61127e2b4cb017edee151ea90) Importer(815301076,1909f56bfc062723c751e8b465ee728b)  -> (artifact id: 'e723e8968687c311c23ae121e9edecfb') in 0.021546 seconds 
  Import took 0.030279 seconds .

========================================================================
Received Import Request.
  Time since last request: 0.000236 seconds.
  path: Assets/Ultimate SFX Bundle - HD Remaster/Ui & Item Sounds - HD Remake/Debuff Downgrade 36.wav
  artifactKey: Guid(cf0dddde78e7dc442821ab89d0c33b60) Importer(815301076,1909f56bfc062723c751e8b465ee728b)
Start importing Assets/Ultimate SFX Bundle - HD Remaster/Ui & Item Sounds - HD Remake/Debuff Downgrade 36.wav using Guid(cf0dddde78e7dc442821ab89d0c33b60) Importer(815301076,1909f56bfc062723c751e8b465ee728b)  -> (artifact id: '1fbff052708aab1010a2092df403ec2d') in 0.021180 seconds 
  Import took 0.028814 seconds .

========================================================================
Received Import Request.
  Time since last request: 0.000270 seconds.
  path: Assets/Ultimate SFX Bundle - HD Remaster/Ui & Item Sounds - HD Remake/Debuff Downgrade 34.wav
  artifactKey: Guid(84e72690706cf864a90360683a36da61) Importer(815301076,1909f56bfc062723c751e8b465ee728b)
Start importing Assets/Ultimate SFX Bundle - HD Remaster/Ui & Item Sounds - HD Remake/Debuff Downgrade 34.wav using Guid(84e72690706cf864a90360683a36da61) Importer(815301076,1909f56bfc062723c751e8b465ee728b)  -> (artifact id: 'e7065257ced1004dee92810916775a6c') in 0.021029 seconds 
  Import took 0.029389 seconds .

========================================================================
Received Import Request.
  Time since last request: 0.000837 seconds.
  path: Assets/Ultimate SFX Bundle - HD Remaster/Ui & Item Sounds - HD Remake/Coins 20.wav
  artifactKey: Guid(12720501d08da0446b7017546721d647) Importer(815301076,1909f56bfc062723c751e8b465ee728b)
Start importing Assets/Ultimate SFX Bundle - HD Remaster/Ui & Item Sounds - HD Remake/Coins 20.wav using Guid(12720501d08da0446b7017546721d647) Importer(815301076,1909f56bfc062723c751e8b465ee728b)  -> (artifact id: '41bb3edff71df0bb09eb1d3d46a1e91e') in 0.023149 seconds 
  Import took 0.032776 seconds .

========================================================================
Received Import Request.
  Time since last request: 0.000283 seconds.
  path: Assets/Ultimate SFX Bundle - HD Remaster/Ui & Item Sounds - HD Remake/Debuff Downgrade 14.wav
  artifactKey: Guid(64ce0d85fc64161408b7d03a629459f0) Importer(815301076,1909f56bfc062723c751e8b465ee728b)
Start importing Assets/Ultimate SFX Bundle - HD Remaster/Ui & Item Sounds - HD Remake/Debuff Downgrade 14.wav using Guid(64ce0d85fc64161408b7d03a629459f0) Importer(815301076,1909f56bfc062723c751e8b465ee728b)  -> (artifact id: 'ddcedfba28fd49df14c62598b6e36b8d') in 0.024738 seconds 
  Import took 0.032186 seconds .

========================================================================
Received Import Request.
  Time since last request: 0.000265 seconds.
  path: Assets/Ultimate SFX Bundle - HD Remaster/Ui & Item Sounds - HD Remake/Debuff Downgrade 22.wav
  artifactKey: Guid(3a6de7bec22513040baa3360fd654f33) Importer(815301076,1909f56bfc062723c751e8b465ee728b)
Start importing Assets/Ultimate SFX Bundle - HD Remaster/Ui & Item Sounds - HD Remake/Debuff Downgrade 22.wav using Guid(3a6de7bec22513040baa3360fd654f33) Importer(815301076,1909f56bfc062723c751e8b465ee728b)  -> (artifact id: '9fcfe25f8d72ceb03fd668ce3acd9029') in 0.033978 seconds 
  Import took 0.040733 seconds .

========================================================================
Received Import Request.
  Time since last request: 0.000241 seconds.
  path: Assets/Ultimate SFX Bundle - HD Remaster/Ui & Item Sounds - HD Remake/Coins 9.wav
  artifactKey: Guid(28c165c69176e794bbf237c5959f1b41) Importer(815301076,1909f56bfc062723c751e8b465ee728b)
Start importing Assets/Ultimate SFX Bundle - HD Remaster/Ui & Item Sounds - HD Remake/Coins 9.wav using Guid(28c165c69176e794bbf237c5959f1b41) Importer(815301076,1909f56bfc062723c751e8b465ee728b)  -> (artifact id: 'c025b11f8775b8eac68bb57a63550952') in 0.028186 seconds 
  Import took 0.035646 seconds .

========================================================================
Received Import Request.
  Time since last request: 0.000172 seconds.
  path: Assets/Ultimate SFX Bundle - HD Remaster/Ui & Item Sounds - HD Remake/Coins 15.wav
  artifactKey: Guid(2f83022e879278249bbd68e963e5b8bb) Importer(815301076,1909f56bfc062723c751e8b465ee728b)
Start importing Assets/Ultimate SFX Bundle - HD Remaster/Ui & Item Sounds - HD Remake/Coins 15.wav using Guid(2f83022e879278249bbd68e963e5b8bb) Importer(815301076,1909f56bfc062723c751e8b465ee728b)  -> (artifact id: 'a3772be654a044aab28c5ee6465e6484') in 0.021752 seconds 
  Import took 0.028411 seconds .

========================================================================
Received Import Request.
  Time since last request: 0.000305 seconds.
  path: Assets/Ultimate SFX Bundle - HD Remaster/Ui & Item Sounds - HD Remake/Coins 25.wav
  artifactKey: Guid(45ef74b408283b94896e69c05df82388) Importer(815301076,1909f56bfc062723c751e8b465ee728b)
Start importing Assets/Ultimate SFX Bundle - HD Remaster/Ui & Item Sounds - HD Remake/Coins 25.wav using Guid(45ef74b408283b94896e69c05df82388) Importer(815301076,1909f56bfc062723c751e8b465ee728b)  -> (artifact id: '2ce69e701be9c91d6de45d96966c3028') in 0.020312 seconds 
  Import took 0.027226 seconds .

========================================================================
Received Import Request.
  Time since last request: 0.000209 seconds.
  path: Assets/Ultimate SFX Bundle - HD Remaster/Ui & Item Sounds - HD Remake/Debuff Downgrade 25.wav
  artifactKey: Guid(0f3f61a3138e2b840b2cb24367869154) Importer(815301076,1909f56bfc062723c751e8b465ee728b)
Start importing Assets/Ultimate SFX Bundle - HD Remaster/Ui & Item Sounds - HD Remake/Debuff Downgrade 25.wav using Guid(0f3f61a3138e2b840b2cb24367869154) Importer(815301076,1909f56bfc062723c751e8b465ee728b)  -> (artifact id: '3f288239435dc4c29ababed5143f5314') in 0.019463 seconds 
  Import took 0.026045 seconds .

========================================================================
Received Import Request.
  Time since last request: 0.000199 seconds.
  path: Assets/Ultimate SFX Bundle - HD Remaster/Ui & Item Sounds - HD Remake/Debuff Downgrade 1.wav
  artifactKey: Guid(e4b91ccef791e9744a26512e159879f6) Importer(815301076,1909f56bfc062723c751e8b465ee728b)
Start importing Assets/Ultimate SFX Bundle - HD Remaster/Ui & Item Sounds - HD Remake/Debuff Downgrade 1.wav using Guid(e4b91ccef791e9744a26512e159879f6) Importer(815301076,1909f56bfc062723c751e8b465ee728b)  -> (artifact id: '205eb686f01cbb3e8277740ac7ccffec') in 0.022294 seconds 
  Import took 0.029671 seconds .

========================================================================
Received Import Request.
  Time since last request: 0.000205 seconds.
  path: Assets/Ultimate SFX Bundle - HD Remaster/Ui & Item Sounds - HD Remake/Debuff Downgrade 7.wav
  artifactKey: Guid(c8bc4d42a8906fd498c8399725aefb5b) Importer(815301076,1909f56bfc062723c751e8b465ee728b)
Start importing Assets/Ultimate SFX Bundle - HD Remaster/Ui & Item Sounds - HD Remake/Debuff Downgrade 7.wav using Guid(c8bc4d42a8906fd498c8399725aefb5b) Importer(815301076,1909f56bfc062723c751e8b465ee728b)  -> (artifact id: '1993c1ff531a2da337c8af2cb2f320e2') in 0.024590 seconds 
  Import took 0.032247 seconds .

========================================================================
Received Import Request.
  Time since last request: 0.000206 seconds.
  path: Assets/Ultimate SFX Bundle - HD Remaster/Ui & Item Sounds - HD Remake/Debuff Downgrade 31.wav
  artifactKey: Guid(dfaccd9b065aaac4d9f10e98f14d127e) Importer(815301076,1909f56bfc062723c751e8b465ee728b)
Start importing Assets/Ultimate SFX Bundle - HD Remaster/Ui & Item Sounds - HD Remake/Debuff Downgrade 31.wav using Guid(dfaccd9b065aaac4d9f10e98f14d127e) Importer(815301076,1909f56bfc062723c751e8b465ee728b)  -> (artifact id: '941e14623fdcb2397eb952d7d289cebc') in 0.025166 seconds 
  Import took 0.034400 seconds .

========================================================================
Received Import Request.
  Time since last request: 0.000240 seconds.
  path: Assets/Ultimate SFX Bundle - HD Remaster/Ui & Item Sounds - HD Remake/Coins 19.wav
  artifactKey: Guid(0ca8000be447117429a284a239da0c21) Importer(815301076,1909f56bfc062723c751e8b465ee728b)
Start importing Assets/Ultimate SFX Bundle - HD Remaster/Ui & Item Sounds - HD Remake/Coins 19.wav using Guid(0ca8000be447117429a284a239da0c21) Importer(815301076,1909f56bfc062723c751e8b465ee728b)  -> (artifact id: '5e3572e3d39c31df721132d2e70a5afe') in 0.024913 seconds 
  Import took 0.032435 seconds .

========================================================================
Received Import Request.
  Time since last request: 0.000222 seconds.
  path: Assets/Ultimate SFX Bundle - HD Remaster/Ui & Item Sounds - HD Remake/Debuff Downgrade 28.wav
  artifactKey: Guid(32fd24c78a588724f81f0691e2ba0500) Importer(815301076,1909f56bfc062723c751e8b465ee728b)
Start importing Assets/Ultimate SFX Bundle - HD Remaster/Ui & Item Sounds - HD Remake/Debuff Downgrade 28.wav using Guid(32fd24c78a588724f81f0691e2ba0500) Importer(815301076,1909f56bfc062723c751e8b465ee728b)  -> (artifact id: '7375e85ac750ef6307111e0e53285c2b') in 0.024022 seconds 
  Import took 0.030551 seconds .

========================================================================
Received Import Request.
  Time since last request: 0.000250 seconds.
  path: Assets/Ultimate SFX Bundle - HD Remaster/Ui & Item Sounds - HD Remake/Debuff Downgrade 33.wav
  artifactKey: Guid(908b100418f39a74a9c602ab26b5c4f4) Importer(815301076,1909f56bfc062723c751e8b465ee728b)
Start importing Assets/Ultimate SFX Bundle - HD Remaster/Ui & Item Sounds - HD Remake/Debuff Downgrade 33.wav using Guid(908b100418f39a74a9c602ab26b5c4f4) Importer(815301076,1909f56bfc062723c751e8b465ee728b)  -> (artifact id: '69de5f7ea13ad198399634ebce6b0446') in 0.021837 seconds 
  Import took 0.029704 seconds .

========================================================================
Received Import Request.
  Time since last request: 0.000288 seconds.
  path: Assets/Ultimate SFX Bundle - HD Remaster/Ui & Item Sounds - HD Remake/Debuff Downgrade 30.wav
  artifactKey: Guid(86bc0ade0385ee041abc9c5cd2456746) Importer(815301076,1909f56bfc062723c751e8b465ee728b)
Start importing Assets/Ultimate SFX Bundle - HD Remaster/Ui & Item Sounds - HD Remake/Debuff Downgrade 30.wav using Guid(86bc0ade0385ee041abc9c5cd2456746) Importer(815301076,1909f56bfc062723c751e8b465ee728b)  -> (artifact id: '766e640ba10073191312b7ac786e3e6a') in 0.028212 seconds 
  Import took 0.036149 seconds .

========================================================================
Received Import Request.
  Time since last request: 0.000466 seconds.
  path: Assets/Ultimate SFX Bundle - HD Remaster/Ui & Item Sounds - HD Remake/Debuff Downgrade 13.wav
  artifactKey: Guid(6b3bdbcad5ecd0443b5ff5947fa37050) Importer(815301076,1909f56bfc062723c751e8b465ee728b)
Start importing Assets/Ultimate SFX Bundle - HD Remaster/Ui & Item Sounds - HD Remake/Debuff Downgrade 13.wav using Guid(6b3bdbcad5ecd0443b5ff5947fa37050) Importer(815301076,1909f56bfc062723c751e8b465ee728b)  -> (artifact id: 'f0e888ac745c19a79829dd3d9545d685') in 0.021261 seconds 
  Import took 0.029016 seconds .

========================================================================
Received Import Request.
  Time since last request: 0.000208 seconds.
  path: Assets/Ultimate SFX Bundle - HD Remaster/Ui & Item Sounds - HD Remake/Debuff Downgrade 18.wav
  artifactKey: Guid(15c9272564b02bc4291555c3a76d09ad) Importer(815301076,1909f56bfc062723c751e8b465ee728b)
Start importing Assets/Ultimate SFX Bundle - HD Remaster/Ui & Item Sounds - HD Remake/Debuff Downgrade 18.wav using Guid(15c9272564b02bc4291555c3a76d09ad) Importer(815301076,1909f56bfc062723c751e8b465ee728b)  -> (artifact id: '4d06bd28cdd1f41fbe2116e0c50772f2') in 0.016097 seconds 
  Import took 0.023436 seconds .

========================================================================
Received Import Request.
  Time since last request: 0.000335 seconds.
  path: Assets/Ultimate SFX Bundle - HD Remaster/Ui & Item Sounds - HD Remake/Coins 10.wav
  artifactKey: Guid(79dc66a202f25d84cbd5c6c34dc16e58) Importer(815301076,1909f56bfc062723c751e8b465ee728b)
Start importing Assets/Ultimate SFX Bundle - HD Remaster/Ui & Item Sounds - HD Remake/Coins 10.wav using Guid(79dc66a202f25d84cbd5c6c34dc16e58) Importer(815301076,1909f56bfc062723c751e8b465ee728b)  -> (artifact id: 'e6145613fdc4573cec08176bc779e74a') in 0.020950 seconds 
  Import took 0.029304 seconds .

========================================================================
Received Import Request.
  Time since last request: 0.000713 seconds.
  path: Assets/Ultimate SFX Bundle - HD Remaster/Ui & Item Sounds - HD Remake/Debuff Downgrade 6.wav
  artifactKey: Guid(c55c5b33cc675824b9ca258ffb96776c) Importer(815301076,1909f56bfc062723c751e8b465ee728b)
Start importing Assets/Ultimate SFX Bundle - HD Remaster/Ui & Item Sounds - HD Remake/Debuff Downgrade 6.wav using Guid(c55c5b33cc675824b9ca258ffb96776c) Importer(815301076,1909f56bfc062723c751e8b465ee728b)  -> (artifact id: 'a0c8f3a65029558e62370e202d1e63cc') in 0.022485 seconds 
  Import took 0.030280 seconds .

========================================================================
Received Import Request.
  Time since last request: 0.000339 seconds.
  path: Assets/Ultimate SFX Bundle - HD Remaster/Ui & Item Sounds - HD Remake/Coins 17.wav
  artifactKey: Guid(8f970f5bdf977f244b285a9d2a837d50) Importer(815301076,1909f56bfc062723c751e8b465ee728b)
Start importing Assets/Ultimate SFX Bundle - HD Remaster/Ui & Item Sounds - HD Remake/Coins 17.wav using Guid(8f970f5bdf977f244b285a9d2a837d50) Importer(815301076,1909f56bfc062723c751e8b465ee728b)  -> (artifact id: '7bde06e9776f7af3645e03099a15b5ef') in 0.027683 seconds 
  Import took 0.037225 seconds .

========================================================================
Received Import Request.
  Time since last request: 0.000256 seconds.
  path: Assets/Ultimate SFX Bundle - HD Remaster/Ui & Item Sounds - HD Remake/Debuff Downgrade 11.wav
  artifactKey: Guid(04ba705ccf0c0b14da89d84a9d670b2e) Importer(815301076,1909f56bfc062723c751e8b465ee728b)
Start importing Assets/Ultimate SFX Bundle - HD Remaster/Ui & Item Sounds - HD Remake/Debuff Downgrade 11.wav using Guid(04ba705ccf0c0b14da89d84a9d670b2e) Importer(815301076,1909f56bfc062723c751e8b465ee728b)  -> (artifact id: '73beac72eea270ab72431ad492eb3621') in 0.024353 seconds 
  Import took 0.032795 seconds .

========================================================================
Received Import Request.
  Time since last request: 0.000196 seconds.
  path: Assets/Ultimate SFX Bundle - HD Remaster/Ui & Item Sounds - HD Remake/Debuff Downgrade 35.wav
  artifactKey: Guid(9fc09582aef7665419df4c5de1e83339) Importer(815301076,1909f56bfc062723c751e8b465ee728b)
Start importing Assets/Ultimate SFX Bundle - HD Remaster/Ui & Item Sounds - HD Remake/Debuff Downgrade 35.wav using Guid(9fc09582aef7665419df4c5de1e83339) Importer(815301076,1909f56bfc062723c751e8b465ee728b)  -> (artifact id: '844d65659d9696f029ac6edb8616834f') in 0.025182 seconds 
  Import took 0.033446 seconds .

========================================================================
Received Import Request.
  Time since last request: 0.000269 seconds.
  path: Assets/Ultimate SFX Bundle - HD Remaster/Ui & Item Sounds - HD Remake/Coins 11.wav
  artifactKey: Guid(2a4c87c70136e3842b6cedb9051685af) Importer(815301076,1909f56bfc062723c751e8b465ee728b)
Start importing Assets/Ultimate SFX Bundle - HD Remaster/Ui & Item Sounds - HD Remake/Coins 11.wav using Guid(2a4c87c70136e3842b6cedb9051685af) Importer(815301076,1909f56bfc062723c751e8b465ee728b)  -> (artifact id: '4815817b1dfa6a587c5f55c151008692') in 0.025484 seconds 
  Import took 0.034172 seconds .

========================================================================
Received Import Request.
  Time since last request: 0.000271 seconds.
  path: Assets/Ultimate SFX Bundle - HD Remaster/Ui & Item Sounds - HD Remake/Coins 21.wav
  artifactKey: Guid(84704f80494f2454583931d9d95014c1) Importer(815301076,1909f56bfc062723c751e8b465ee728b)
Start importing Assets/Ultimate SFX Bundle - HD Remaster/Ui & Item Sounds - HD Remake/Coins 21.wav using Guid(84704f80494f2454583931d9d95014c1) Importer(815301076,1909f56bfc062723c751e8b465ee728b)  -> (artifact id: '7ff879fe0dbec92a915b19bfdb926e0b') in 0.038620 seconds 
  Import took 0.046171 seconds .

========================================================================
Received Import Request.
  Time since last request: 0.000219 seconds.
  path: Assets/Ultimate SFX Bundle - HD Remaster/Ui & Item Sounds - HD Remake/Debuff Downgrade 20.wav
  artifactKey: Guid(cbe916b7e9b11ea4a805b5db4d9c650e) Importer(815301076,1909f56bfc062723c751e8b465ee728b)
Start importing Assets/Ultimate SFX Bundle - HD Remaster/Ui & Item Sounds - HD Remake/Debuff Downgrade 20.wav using Guid(cbe916b7e9b11ea4a805b5db4d9c650e) Importer(815301076,1909f56bfc062723c751e8b465ee728b)  -> (artifact id: 'acf52c2b3a365cabec0c53e880588d88') in 0.022457 seconds 
  Import took 0.030415 seconds .

========================================================================
Received Import Request.
  Time since last request: 0.000279 seconds.
  path: Assets/Ultimate SFX Bundle - HD Remaster/Ui & Item Sounds - HD Remake/Coins 14.wav
  artifactKey: Guid(ac4308f4597f3694d82b03e2ac0aeeb7) Importer(815301076,1909f56bfc062723c751e8b465ee728b)
Start importing Assets/Ultimate SFX Bundle - HD Remaster/Ui & Item Sounds - HD Remake/Coins 14.wav using Guid(ac4308f4597f3694d82b03e2ac0aeeb7) Importer(815301076,1909f56bfc062723c751e8b465ee728b)  -> (artifact id: 'f57ad731b4567dd44973c4812e2696fc') in 0.019943 seconds 
  Import took 0.026840 seconds .

========================================================================
Received Import Request.
  Time since last request: 0.000206 seconds.
  path: Assets/Ultimate SFX Bundle - HD Remaster/Ui & Item Sounds - HD Remake/Coins 12.wav
  artifactKey: Guid(04d327d6860a3b94a9231578b4a6c360) Importer(815301076,1909f56bfc062723c751e8b465ee728b)
Start importing Assets/Ultimate SFX Bundle - HD Remaster/Ui & Item Sounds - HD Remake/Coins 12.wav using Guid(04d327d6860a3b94a9231578b4a6c360) Importer(815301076,1909f56bfc062723c751e8b465ee728b)  -> (artifact id: '362b10ec1c1404fda48ed481d408b389') in 0.020351 seconds 
  Import took 0.028053 seconds .

========================================================================
Received Import Request.
  Time since last request: 0.000210 seconds.
  path: Assets/Ultimate SFX Bundle - HD Remaster/Ui & Item Sounds - HD Remake/Collect star 5.wav
  artifactKey: Guid(f6e293ef0184f964d88fc80d6f6596b1) Importer(815301076,1909f56bfc062723c751e8b465ee728b)
Start importing Assets/Ultimate SFX Bundle - HD Remaster/Ui & Item Sounds - HD Remake/Collect star 5.wav using Guid(f6e293ef0184f964d88fc80d6f6596b1) Importer(815301076,1909f56bfc062723c751e8b465ee728b)  -> (artifact id: 'ddc97f6ac11e9016236c47beda7bc916') in 0.013402 seconds 
  Import took 0.019901 seconds .

========================================================================
Received Import Request.
  Time since last request: 0.000245 seconds.
  path: Assets/Ultimate SFX Bundle - HD Remaster/Ui & Item Sounds - HD Remake/Collect star 2.wav
  artifactKey: Guid(700d95f181b41e04bb2a1fa271670ab3) Importer(815301076,1909f56bfc062723c751e8b465ee728b)
Start importing Assets/Ultimate SFX Bundle - HD Remaster/Ui & Item Sounds - HD Remake/Collect star 2.wav using Guid(700d95f181b41e04bb2a1fa271670ab3) Importer(815301076,1909f56bfc062723c751e8b465ee728b)  -> (artifact id: '355f183f274b030cdb791f9f471bda29') in 0.013957 seconds 
  Import took 0.021166 seconds .

========================================================================
Received Import Request.
  Time since last request: 0.000295 seconds.
  path: Assets/Ultimate SFX Bundle - HD Remaster/Ui & Item Sounds - HD Remake/Debuff Downgrade 4.wav
  artifactKey: Guid(1cce3c2558e83224b9d82bc421df632f) Importer(815301076,1909f56bfc062723c751e8b465ee728b)
Start importing Assets/Ultimate SFX Bundle - HD Remaster/Ui & Item Sounds - HD Remake/Debuff Downgrade 4.wav using Guid(1cce3c2558e83224b9d82bc421df632f) Importer(815301076,1909f56bfc062723c751e8b465ee728b)  -> (artifact id: 'ed160ea559c548b66b62887d9f06ad17') in 0.023360 seconds 
  Import took 0.032363 seconds .

========================================================================
Received Import Request.
  Time since last request: 0.000203 seconds.
  path: Assets/Ultimate SFX Bundle - HD Remaster/Ui & Item Sounds - HD Remake/Debuff Downgrade 24.wav
  artifactKey: Guid(8dbe49d3476b8b742a7e861789e6e5a5) Importer(815301076,1909f56bfc062723c751e8b465ee728b)
Start importing Assets/Ultimate SFX Bundle - HD Remaster/Ui & Item Sounds - HD Remake/Debuff Downgrade 24.wav using Guid(8dbe49d3476b8b742a7e861789e6e5a5) Importer(815301076,1909f56bfc062723c751e8b465ee728b)  -> (artifact id: 'c51dc31184649d6b74b94750e3e98912') in 0.019366 seconds 
  Import took 0.026625 seconds .

========================================================================
Received Import Request.
  Time since last request: 0.000239 seconds.
  path: Assets/Ultimate SFX Bundle - HD Remaster/Ui & Item Sounds - HD Remake/Debuff Downgrade 3.wav
  artifactKey: Guid(657f4fb588bae2f49a727fa956365d62) Importer(815301076,1909f56bfc062723c751e8b465ee728b)
Start importing Assets/Ultimate SFX Bundle - HD Remaster/Ui & Item Sounds - HD Remake/Debuff Downgrade 3.wav using Guid(657f4fb588bae2f49a727fa956365d62) Importer(815301076,1909f56bfc062723c751e8b465ee728b)  -> (artifact id: 'aecebbff9adb0721cb5dbd208f4d214d') in 0.021447 seconds 
  Import took 0.027998 seconds .

========================================================================
Received Import Request.
  Time since last request: 0.000237 seconds.
  path: Assets/Ultimate SFX Bundle - HD Remaster/Ui & Item Sounds - HD Remake/Debuff Downgrade 29.wav
  artifactKey: Guid(79c6575ad519e8846a30285c1f9d12f5) Importer(815301076,1909f56bfc062723c751e8b465ee728b)
Start importing Assets/Ultimate SFX Bundle - HD Remaster/Ui & Item Sounds - HD Remake/Debuff Downgrade 29.wav using Guid(79c6575ad519e8846a30285c1f9d12f5) Importer(815301076,1909f56bfc062723c751e8b465ee728b)  -> (artifact id: '0b8ba0b0e7ba4175fa04b4f131c29fe2') in 0.019959 seconds 
  Import took 0.026844 seconds .

========================================================================
Received Import Request.
  Time since last request: 0.000216 seconds.
  path: Assets/Ultimate SFX Bundle - HD Remaster/Ui & Item Sounds - HD Remake/Debuff Downgrade 19.wav
  artifactKey: Guid(d285a5dff3a2e2e42a0e8a4f8666cd75) Importer(815301076,1909f56bfc062723c751e8b465ee728b)
Start importing Assets/Ultimate SFX Bundle - HD Remaster/Ui & Item Sounds - HD Remake/Debuff Downgrade 19.wav using Guid(d285a5dff3a2e2e42a0e8a4f8666cd75) Importer(815301076,1909f56bfc062723c751e8b465ee728b)  -> (artifact id: 'c96fc418c0916166a66b9e4adcc8d994') in 0.013577 seconds 
  Import took 0.020887 seconds .

========================================================================
Received Import Request.
  Time since last request: 0.000205 seconds.
  path: Assets/Ultimate SFX Bundle - HD Remaster/Ui & Item Sounds - HD Remake/Coins 22.wav
  artifactKey: Guid(e3de4df9296603349a4bbd7a4d5a4946) Importer(815301076,1909f56bfc062723c751e8b465ee728b)
Start importing Assets/Ultimate SFX Bundle - HD Remaster/Ui & Item Sounds - HD Remake/Coins 22.wav using Guid(e3de4df9296603349a4bbd7a4d5a4946) Importer(815301076,1909f56bfc062723c751e8b465ee728b)  -> (artifact id: '719dc1df5b3562390ee1bfd654eb0c10') in 0.022851 seconds 
  Import took 0.029593 seconds .

========================================================================
Received Import Request.
  Time since last request: 0.000244 seconds.
  path: Assets/Ultimate SFX Bundle - HD Remaster/Ui & Item Sounds - HD Remake/Debuff Downgrade 2.wav
  artifactKey: Guid(7039e9712fc7bb0489dfb46f9b3c4a36) Importer(815301076,1909f56bfc062723c751e8b465ee728b)
Start importing Assets/Ultimate SFX Bundle - HD Remaster/Ui & Item Sounds - HD Remake/Debuff Downgrade 2.wav using Guid(7039e9712fc7bb0489dfb46f9b3c4a36) Importer(815301076,1909f56bfc062723c751e8b465ee728b)  -> (artifact id: '7d45e590d421530901f07f4476f3fec9') in 0.021745 seconds 
  Import took 0.029145 seconds .

========================================================================
Received Import Request.
  Time since last request: 0.000235 seconds.
  path: Assets/Ultimate SFX Bundle - HD Remaster/Ui & Item Sounds - HD Remake/Coins 8.wav
  artifactKey: Guid(7a8ce5c426e4c064e8f5398cdbdd7d18) Importer(815301076,1909f56bfc062723c751e8b465ee728b)
Start importing Assets/Ultimate SFX Bundle - HD Remaster/Ui & Item Sounds - HD Remake/Coins 8.wav using Guid(7a8ce5c426e4c064e8f5398cdbdd7d18) Importer(815301076,1909f56bfc062723c751e8b465ee728b)  -> (artifact id: '3b58ec59fc36a73b64ed688ba5babc8b') in 0.018470 seconds 
  Import took 0.025359 seconds .

========================================================================
Received Import Request.
  Time since last request: 0.000260 seconds.
  path: Assets/Ultimate SFX Bundle - HD Remaster/Ui & Item Sounds - HD Remake/Debuff Downgrade 8.wav
  artifactKey: Guid(09fcd451a15ad3d44956be486ff231f7) Importer(815301076,1909f56bfc062723c751e8b465ee728b)
Start importing Assets/Ultimate SFX Bundle - HD Remaster/Ui & Item Sounds - HD Remake/Debuff Downgrade 8.wav using Guid(09fcd451a15ad3d44956be486ff231f7) Importer(815301076,1909f56bfc062723c751e8b465ee728b)  -> (artifact id: '30de37d96be96547f89022dd61d7d5ea') in 0.019710 seconds 
  Import took 0.026254 seconds .

========================================================================
Received Import Request.
  Time since last request: 0.000215 seconds.
  path: Assets/Ultimate SFX Bundle - HD Remaster/Ui & Item Sounds - HD Remake/Debuff Downgrade 16.wav
  artifactKey: Guid(ad8b4489e35546f41a2f8550e6bfbfec) Importer(815301076,1909f56bfc062723c751e8b465ee728b)
Start importing Assets/Ultimate SFX Bundle - HD Remaster/Ui & Item Sounds - HD Remake/Debuff Downgrade 16.wav using Guid(ad8b4489e35546f41a2f8550e6bfbfec) Importer(815301076,1909f56bfc062723c751e8b465ee728b)  -> (artifact id: 'b705c437e6bedc2e57db7c839e88ccbe') in 0.019398 seconds 
  Import took 0.026772 seconds .

========================================================================
Received Import Request.
  Time since last request: 3.597981 seconds.
  path: Assets/Scenes/Bitis.unity
  artifactKey: Guid(429a2e42854261648b2897f82b0fd07e) Importer(815301076,1909f56bfc062723c751e8b465ee728b)
Start importing Assets/Scenes/Bitis.unity using Guid(429a2e42854261648b2897f82b0fd07e) Importer(815301076,1909f56bfc062723c751e8b465ee728b)  -> (artifact id: '05449bea4344a87642a11d13aa04e486') in 0.007702 seconds 
  Import took 0.014279 seconds .

========================================================================
Received Prepare
Registering precompiled user dll's ...
Registered in 0.007354 seconds.
Begin MonoManager ReloadAssembly
Native extension for WindowsStandalone target not found
Native extension for WebGL target not found
Refreshing native plugins compatible for Editor in 0.94 ms, found 3 plugins.
Preloading 0 native plugins for Editor in 0.00 ms.
Mono: successfully reloaded assembly
- Completed reload, in  1.437 seconds
Domain Reload Profiling:
	ReloadAssembly (1437ms)
		BeginReloadAssembly (132ms)
			ExecutionOrderSort (0ms)
			DisableScriptedObjects (7ms)
			BackupInstance (0ms)
			ReleaseScriptingObjects (0ms)
			CreateAndSetChildDomain (44ms)
		EndReloadAssembly (1235ms)
			LoadAssemblies (119ms)
			RebuildTransferFunctionScriptingTraits (0ms)
			SetupTypeCache (389ms)
			ReleaseScriptCaches (2ms)
			RebuildScriptCaches (57ms)
			SetupLoadedEditorAssemblies (505ms)
				LogAssemblyErrors (0ms)
				InitializePlatformSupportModulesInManaged (5ms)
				SetLoadedEditorAssemblies (1ms)
				RefreshPlugins (1ms)
				BeforeProcessingInitializeOnLoad (128ms)
				ProcessInitializeOnLoadAttributes (353ms)
				ProcessInitializeOnLoadMethodAttributes (10ms)
				AfterProcessingInitializeOnLoad (7ms)
				EditorAssembliesLoaded (0ms)
			ExecutionOrderSort2 (0ms)
			AwakeInstancesAfterBackupRestoration (19ms)
Platform modules already initialized, skipping
Refreshing native plugins compatible for Editor in 0.96 ms, found 3 plugins.
Preloading 0 native plugins for Editor in 0.00 ms.
Unloading 3683 Unused Serialized files (Serialized files now loaded: 0)
System memory in use before: 168.2 MB.
System memory in use after: 168.3 MB.

Unloading 27 unused Assets to reduce memory usage. Loaded Objects now: 4367.
Total: 4.453600 ms (FindLiveObjects: 0.331300 ms CreateObjectMapping: 0.143200 ms MarkObjects: 3.857500 ms  DeleteObjects: 0.120200 ms)

AssetImportParameters requested are different than current active one (requested -> active):
  custom:framework-win-MediaFoundation: 216162199b28c13a410421893ffa2e32 -> 
  custom:video-decoder-ogg-theora: a1e56fd34408186e4bbccfd4996cb3dc -> 
  custom:container-muxer-webm: aa71ff27fc2769a1b78a27578f13a17b -> 
  custom:container-demuxer-webm: 4f35f7cbe854078d1ac9338744f61a02 -> 
  custom:container-demuxer-ogg: 62fdf1f143b41e24485cea50d1cbac27 -> 
  custom:video-encoder-webm-vp8: eb34c28f22e8b96e1ab97ce403110664 -> 
  custom:video-decoder-webm-vp8: 9c59270c3fd7afecdb556c50c9e8de78 -> 
  custom:audio-decoder-ogg-vorbis: bf7c407c2cedff20999df2af8eb42d56 -> 
  custom:audio-encoder-webm-vorbis: bf7c407c2cedff20999df2af8eb42d56 -> 
========================================================================
Received Prepare
Registering precompiled user dll's ...
Registered in 0.007484 seconds.
Begin MonoManager ReloadAssembly
Native extension for WindowsStandalone target not found
Native extension for WebGL target not found
Refreshing native plugins compatible for Editor in 1.27 ms, found 3 plugins.
Preloading 0 native plugins for Editor in 0.00 ms.
Mono: successfully reloaded assembly
- Completed reload, in  1.441 seconds
Domain Reload Profiling:
	ReloadAssembly (1442ms)
		BeginReloadAssembly (133ms)
			ExecutionOrderSort (0ms)
			DisableScriptedObjects (7ms)
			BackupInstance (0ms)
			ReleaseScriptingObjects (0ms)
			CreateAndSetChildDomain (44ms)
		EndReloadAssembly (1239ms)
			LoadAssemblies (117ms)
			RebuildTransferFunctionScriptingTraits (0ms)
			SetupTypeCache (383ms)
			ReleaseScriptCaches (2ms)
			RebuildScriptCaches (56ms)
			SetupLoadedEditorAssemblies (519ms)
				LogAssemblyErrors (0ms)
				InitializePlatformSupportModulesInManaged (6ms)
				SetLoadedEditorAssemblies (1ms)
				RefreshPlugins (1ms)
				BeforeProcessingInitializeOnLoad (128ms)
				ProcessInitializeOnLoadAttributes (364ms)
				ProcessInitializeOnLoadMethodAttributes (11ms)
				AfterProcessingInitializeOnLoad (7ms)
				EditorAssembliesLoaded (0ms)
			ExecutionOrderSort2 (0ms)
			AwakeInstancesAfterBackupRestoration (20ms)
Platform modules already initialized, skipping
Refreshing native plugins compatible for Editor in 0.93 ms, found 3 plugins.
Preloading 0 native plugins for Editor in 0.00 ms.
Unloading 3683 Unused Serialized files (Serialized files now loaded: 0)
System memory in use before: 168.2 MB.
System memory in use after: 168.3 MB.

Unloading 27 unused Assets to reduce memory usage. Loaded Objects now: 4369.
Total: 4.597100 ms (FindLiveObjects: 0.332800 ms CreateObjectMapping: 0.126000 ms MarkObjects: 4.019800 ms  DeleteObjects: 0.117400 ms)

AssetImportParameters requested are different than current active one (requested -> active):
  custom:framework-win-MediaFoundation: 216162199b28c13a410421893ffa2e32 -> 
  custom:video-decoder-ogg-theora: a1e56fd34408186e4bbccfd4996cb3dc -> 
  custom:container-muxer-webm: aa71ff27fc2769a1b78a27578f13a17b -> 
  custom:container-demuxer-webm: 4f35f7cbe854078d1ac9338744f61a02 -> 
  custom:container-demuxer-ogg: 62fdf1f143b41e24485cea50d1cbac27 -> 
  custom:video-encoder-webm-vp8: eb34c28f22e8b96e1ab97ce403110664 -> 
  custom:video-decoder-webm-vp8: 9c59270c3fd7afecdb556c50c9e8de78 -> 
  custom:audio-decoder-ogg-vorbis: bf7c407c2cedff20999df2af8eb42d56 -> 
  custom:audio-encoder-webm-vorbis: bf7c407c2cedff20999df2af8eb42d56 -> 
========================================================================
Received Prepare
Refreshing native plugins compatible for Editor in 8.51 ms, found 3 plugins.
Preloading 0 native plugins for Editor in 0.00 ms.
Unloading 24 Unused Serialized files (Serialized files now loaded: 0)
System memory in use before: 94.8 MB.
System memory in use after: 94.9 MB.

Unloading 24 unused Assets to reduce memory usage. Loaded Objects now: 4369.
Total: 6.862600 ms (FindLiveObjects: 0.520000 ms CreateObjectMapping: 0.151500 ms MarkObjects: 6.003300 ms  DeleteObjects: 0.186400 ms)

AssetImportParameters requested are different than current active one (requested -> active):
  custom:framework-win-MediaFoundation: 216162199b28c13a410421893ffa2e32 -> 
  custom:video-decoder-ogg-theora: a1e56fd34408186e4bbccfd4996cb3dc -> 
  custom:container-muxer-webm: aa71ff27fc2769a1b78a27578f13a17b -> 
  custom:container-demuxer-webm: 4f35f7cbe854078d1ac9338744f61a02 -> 
  custom:container-demuxer-ogg: 62fdf1f143b41e24485cea50d1cbac27 -> 
  custom:video-encoder-webm-vp8: eb34c28f22e8b96e1ab97ce403110664 -> 
  custom:video-decoder-webm-vp8: 9c59270c3fd7afecdb556c50c9e8de78 -> 
  custom:audio-decoder-ogg-vorbis: bf7c407c2cedff20999df2af8eb42d56 -> 
  custom:audio-encoder-webm-vorbis: bf7c407c2cedff20999df2af8eb42d56 -> 
